!SESSION 2013-01-16 17:07:28.254 -----------------------------------------------
eclipse.buildId=M20120914-1800
java.version=1.6.0_29
java.vendor=Sun Microsystems Inc.
BootLoader constants: OS=win32, ARCH=x86_64, WS=win32, NL=de_DE
Framework arguments:  -product org.eclipse.epp.package.rcp.product
Command-line arguments:  -os win32 -ws win32 -arch x86_64 -product org.eclipse.epp.package.rcp.product

!ENTRY org.eclipse.core.resources 2 10035 2013-01-16 17:07:34.547
!MESSAGE The workspace exited with unsaved changes in the previous session; refreshing workspace to recover changes.

!ENTRY org.eclipse.jdt.core 2 0 2013-01-16 17:08:12.613
!MESSAGE The Java indexing could not index C:/Users/Philipp/Desktop/eclipse/plugins/rascal_0.5.4.201211191106/rascal.jar|org/rascalmpl/test/functionality/AccumulatingTests.class. This .class file doesn't follow the class file format specification. Please report this issue against the .class file vendor

!ENTRY org.eclipse.jdt.core 2 0 2013-01-16 17:08:12.642
!MESSAGE The Java indexing could not index C:/Users/Philipp/Desktop/eclipse/plugins/rascal_0.5.4.201211191106/rascal.jar|org/rascalmpl/test/functionality/AliasTests.class. This .class file doesn't follow the class file format specification. Please report this issue against the .class file vendor

!ENTRY org.eclipse.jdt.core 2 0 2013-01-16 17:08:12.645
!MESSAGE The Java indexing could not index C:/Users/Philipp/Desktop/eclipse/plugins/rascal_0.5.4.201211191106/rascal.jar|org/rascalmpl/test/functionality/AnnotationTests.class. This .class file doesn't follow the class file format specification. Please report this issue against the .class file vendor

!ENTRY org.eclipse.jdt.core 2 0 2013-01-16 17:08:12.646
!MESSAGE The Java indexing could not index C:/Users/Philipp/Desktop/eclipse/plugins/rascal_0.5.4.201211191106/rascal.jar|org/rascalmpl/test/functionality/AssignmentTests.class. This .class file doesn't follow the class file format specification. Please report this issue against the .class file vendor

!ENTRY org.eclipse.jdt.core 2 0 2013-01-16 17:08:12.648
!MESSAGE The Java indexing could not index C:/Users/Philipp/Desktop/eclipse/plugins/rascal_0.5.4.201211191106/rascal.jar|org/rascalmpl/test/functionality/CallTests.class. This .class file doesn't follow the class file format specification. Please report this issue against the .class file vendor

!ENTRY org.eclipse.jdt.core 2 0 2013-01-16 17:08:12.652
!MESSAGE The Java indexing could not index C:/Users/Philipp/Desktop/eclipse/plugins/rascal_0.5.4.201211191106/rascal.jar|org/rascalmpl/test/functionality/ImportTests.class. This .class file doesn't follow the class file format specification. Please report this issue against the .class file vendor

!ENTRY org.eclipse.jdt.core 2 0 2013-01-16 17:08:12.654
!MESSAGE The Java indexing could not index C:/Users/Philipp/Desktop/eclipse/plugins/rascal_0.5.4.201211191106/rascal.jar|org/rascalmpl/test/functionality/PatternTests.class. This .class file doesn't follow the class file format specification. Please report this issue against the .class file vendor

!ENTRY org.eclipse.jdt.core 2 0 2013-01-16 17:08:12.657
!MESSAGE The Java indexing could not index C:/Users/Philipp/Desktop/eclipse/plugins/rascal_0.5.4.201211191106/rascal.jar|org/rascalmpl/test/functionality/ScopeTests.class. This .class file doesn't follow the class file format specification. Please report this issue against the .class file vendor
!SESSION 2013-01-16 23:57:27.526 -----------------------------------------------
eclipse.buildId=M20120914-1800
java.version=1.6.0_29
java.vendor=Sun Microsystems Inc.
BootLoader constants: OS=win32, ARCH=x86_64, WS=win32, NL=de_DE
Framework arguments:  -product org.eclipse.epp.package.rcp.product
Command-line arguments:  -os win32 -ws win32 -arch x86_64 -product org.eclipse.epp.package.rcp.product

!ENTRY org.eclipse.core.resources 2 10035 2013-01-16 23:57:35.041
!MESSAGE The workspace exited with unsaved changes in the previous session; refreshing workspace to recover changes.

!ENTRY org.eclipse.jdt.core 2 0 2013-01-16 23:58:18.789
!MESSAGE The Java indexing could not index C:/Users/Philipp/Desktop/eclipse/plugins/rascal_0.5.4.201211191106/rascal.jar|org/rascalmpl/test/functionality/AccumulatingTests.class. This .class file doesn't follow the class file format specification. Please report this issue against the .class file vendor

!ENTRY org.eclipse.jdt.core 2 0 2013-01-16 23:58:18.817
!MESSAGE The Java indexing could not index C:/Users/Philipp/Desktop/eclipse/plugins/rascal_0.5.4.201211191106/rascal.jar|org/rascalmpl/test/functionality/AliasTests.class. This .class file doesn't follow the class file format specification. Please report this issue against the .class file vendor

!ENTRY org.eclipse.jdt.core 2 0 2013-01-16 23:58:18.843
!MESSAGE The Java indexing could not index C:/Users/Philipp/Desktop/eclipse/plugins/rascal_0.5.4.201211191106/rascal.jar|org/rascalmpl/test/functionality/AnnotationTests.class. This .class file doesn't follow the class file format specification. Please report this issue against the .class file vendor

!ENTRY org.eclipse.jdt.core 2 0 2013-01-16 23:58:18.844
!MESSAGE The Java indexing could not index C:/Users/Philipp/Desktop/eclipse/plugins/rascal_0.5.4.201211191106/rascal.jar|org/rascalmpl/test/functionality/AssignmentTests.class. This .class file doesn't follow the class file format specification. Please report this issue against the .class file vendor

!ENTRY org.eclipse.jdt.core 2 0 2013-01-16 23:58:18.845
!MESSAGE The Java indexing could not index C:/Users/Philipp/Desktop/eclipse/plugins/rascal_0.5.4.201211191106/rascal.jar|org/rascalmpl/test/functionality/CallTests.class. This .class file doesn't follow the class file format specification. Please report this issue against the .class file vendor

!ENTRY org.eclipse.jdt.core 2 0 2013-01-16 23:58:18.969
!MESSAGE The Java indexing could not index C:/Users/Philipp/Desktop/eclipse/plugins/rascal_0.5.4.201211191106/rascal.jar|org/rascalmpl/test/functionality/ImportTests.class. This .class file doesn't follow the class file format specification. Please report this issue against the .class file vendor

!ENTRY org.eclipse.jdt.core 2 0 2013-01-16 23:58:19.014
!MESSAGE The Java indexing could not index C:/Users/Philipp/Desktop/eclipse/plugins/rascal_0.5.4.201211191106/rascal.jar|org/rascalmpl/test/functionality/PatternTests.class. This .class file doesn't follow the class file format specification. Please report this issue against the .class file vendor

!ENTRY org.eclipse.jdt.core 2 0 2013-01-16 23:58:19.089
!MESSAGE The Java indexing could not index C:/Users/Philipp/Desktop/eclipse/plugins/rascal_0.5.4.201211191106/rascal.jar|org/rascalmpl/test/functionality/ScopeTests.class. This .class file doesn't follow the class file format specification. Please report this issue against the .class file vendor

!ENTRY rascal_eclipse 4 0 2013-01-17 01:09:54.583
!MESSAGE No message given
!STACK 0
java.lang.NullPointerException
	at org.rascalmpl.eclipse.console.RascalScriptInterpreter.run(RascalScriptInterpreter.java:298)
	at org.eclipse.core.internal.jobs.Worker.run(Worker.java:53)

!ENTRY rascal_eclipse 4 0 2013-01-17 01:13:07.878
!MESSAGE No message given
!STACK 0
java.lang.NullPointerException
	at org.rascalmpl.eclipse.console.RascalScriptInterpreter.run(RascalScriptInterpreter.java:298)
	at org.eclipse.core.internal.jobs.Worker.run(Worker.java:53)

!ENTRY rascal_eclipse 4 0 2013-01-17 01:16:38.929
!MESSAGE No message given
!STACK 0
java.lang.NullPointerException
	at org.rascalmpl.eclipse.console.RascalScriptInterpreter.run(RascalScriptInterpreter.java:298)
	at org.eclipse.core.internal.jobs.Worker.run(Worker.java:53)
!SESSION 2013-01-17 13:54:49.760 -----------------------------------------------
eclipse.buildId=M20120914-1800
java.version=1.6.0_29
java.vendor=Sun Microsystems Inc.
BootLoader constants: OS=win32, ARCH=x86_64, WS=win32, NL=de_DE
Framework arguments:  -product org.eclipse.epp.package.rcp.product
Command-line arguments:  -os win32 -ws win32 -arch x86_64 -product org.eclipse.epp.package.rcp.product

!ENTRY org.eclipse.core.resources 2 10035 2013-01-17 13:55:25.675
!MESSAGE The workspace exited with unsaved changes in the previous session; refreshing workspace to recover changes.

!ENTRY rascal_eclipse 4 0 2013-01-17 18:16:14.815
!MESSAGE map[QuestionId, QUE] does not have a field with label toList declared for it
!STACK 0
org.eclipse.imp.pdb.facts.exceptions.UndeclaredFieldException: map[QuestionId, QUE] does not have a field with label toList declared for it
	at org.rascalmpl.interpreter.result.MapResult.fieldAccess(MapResult.java:104)
	at org.rascalmpl.semantics.dynamic.Expression$FieldAccess.interpret(Expression.java:786)
	at org.rascalmpl.semantics.dynamic.Declarator$Default.interpret(Declarator.java:52)
	at org.rascalmpl.semantics.dynamic.LocalVariableDeclaration$Default.interpret(LocalVariableDeclaration.java:35)
	at org.rascalmpl.semantics.dynamic.Statement$VariableDeclaration.interpret(Statement.java:994)
	at org.rascalmpl.semantics.dynamic.Statement$NonEmptyBlock.interpret(Statement.java:747)
	at org.rascalmpl.semantics.dynamic.Statement$IfThenElse.interpret(Statement.java:667)
	at org.rascalmpl.interpreter.result.RascalFunction.runBody(RascalFunction.java:418)
	at org.rascalmpl.interpreter.result.RascalFunction.call(RascalFunction.java:367)
	at org.rascalmpl.interpreter.result.OverloadedFunction.callWith(OverloadedFunction.java:280)
	at org.rascalmpl.interpreter.result.OverloadedFunction.call(OverloadedFunction.java:256)
	at org.rascalmpl.semantics.dynamic.Expression$CallOrTree.interpret(Expression.java:470)
	at org.rascalmpl.semantics.dynamic.Expression$FieldAccess.interpret(Expression.java:782)
	at org.rascalmpl.semantics.dynamic.Statement$Expression.interpret(Statement.java:351)
	at org.rascalmpl.semantics.dynamic.Statement$Return.interpret(Statement.java:771)
	at org.rascalmpl.interpreter.result.RascalFunction.runBody(RascalFunction.java:418)
	at org.rascalmpl.interpreter.result.RascalFunction.call(RascalFunction.java:367)
	at org.rascalmpl.interpreter.result.OverloadedFunction.callWith(OverloadedFunction.java:280)
	at org.rascalmpl.interpreter.result.OverloadedFunction.call(OverloadedFunction.java:256)
	at org.rascalmpl.semantics.dynamic.Expression$CallOrTree.interpret(Expression.java:470)
	at org.rascalmpl.semantics.dynamic.Command$Expression.interpret(Command.java:57)
	at org.rascalmpl.interpreter.Evaluator.eval(Evaluator.java:1007)
	at org.rascalmpl.interpreter.Evaluator.eval(Evaluator.java:967)
	at org.rascalmpl.eclipse.console.RascalScriptInterpreter.execCommand(RascalScriptInterpreter.java:432)
	at org.rascalmpl.eclipse.console.RascalScriptInterpreter.run(RascalScriptInterpreter.java:236)
	at org.eclipse.core.internal.jobs.Worker.run(Worker.java:53)

!ENTRY rascal_eclipse 4 0 2013-01-17 18:17:14.921
!MESSAGE map[value, value] does not have a field with label toList declared for it
!STACK 0
org.eclipse.imp.pdb.facts.exceptions.UndeclaredFieldException: map[value, value] does not have a field with label toList declared for it
	at org.rascalmpl.interpreter.result.MapResult.fieldAccess(MapResult.java:104)
	at org.rascalmpl.semantics.dynamic.Expression$FieldAccess.interpret(Expression.java:786)
	at org.rascalmpl.semantics.dynamic.Declarator$Default.interpret(Declarator.java:52)
	at org.rascalmpl.semantics.dynamic.LocalVariableDeclaration$Default.interpret(LocalVariableDeclaration.java:35)
	at org.rascalmpl.semantics.dynamic.Statement$VariableDeclaration.interpret(Statement.java:994)
	at org.rascalmpl.semantics.dynamic.Statement$NonEmptyBlock.interpret(Statement.java:747)
	at org.rascalmpl.semantics.dynamic.Statement$IfThenElse.interpret(Statement.java:667)
	at org.rascalmpl.interpreter.result.RascalFunction.runBody(RascalFunction.java:418)
	at org.rascalmpl.interpreter.result.RascalFunction.call(RascalFunction.java:367)
	at org.rascalmpl.interpreter.result.OverloadedFunction.callWith(OverloadedFunction.java:280)
	at org.rascalmpl.interpreter.result.OverloadedFunction.call(OverloadedFunction.java:256)
	at org.rascalmpl.semantics.dynamic.Expression$CallOrTree.interpret(Expression.java:470)
	at org.rascalmpl.semantics.dynamic.Expression$FieldAccess.interpret(Expression.java:782)
	at org.rascalmpl.semantics.dynamic.Statement$Expression.interpret(Statement.java:351)
	at org.rascalmpl.semantics.dynamic.Statement$Return.interpret(Statement.java:771)
	at org.rascalmpl.interpreter.result.RascalFunction.runBody(RascalFunction.java:418)
	at org.rascalmpl.interpreter.result.RascalFunction.call(RascalFunction.java:367)
	at org.rascalmpl.interpreter.result.OverloadedFunction.callWith(OverloadedFunction.java:280)
	at org.rascalmpl.interpreter.result.OverloadedFunction.call(OverloadedFunction.java:256)
	at org.rascalmpl.semantics.dynamic.Expression$CallOrTree.interpret(Expression.java:470)
	at org.rascalmpl.semantics.dynamic.Command$Expression.interpret(Command.java:57)
	at org.rascalmpl.interpreter.Evaluator.eval(Evaluator.java:1007)
	at org.rascalmpl.interpreter.Evaluator.eval(Evaluator.java:967)
	at org.rascalmpl.eclipse.console.RascalScriptInterpreter.execCommand(RascalScriptInterpreter.java:432)
	at org.rascalmpl.eclipse.console.RascalScriptInterpreter.run(RascalScriptInterpreter.java:236)
	at org.eclipse.core.internal.jobs.Worker.run(Worker.java:53)

!ENTRY rascal_eclipse 4 0 2013-01-17 21:26:42.033
!MESSAGE No message given
!STACK 0
java.lang.NullPointerException
	at org.rascalmpl.eclipse.console.RascalScriptInterpreter.run(RascalScriptInterpreter.java:298)
	at org.eclipse.core.internal.jobs.Worker.run(Worker.java:53)
!SESSION 2013-01-17 21:28:34.242 -----------------------------------------------
eclipse.buildId=M20120914-1800
java.version=1.6.0_29
java.vendor=Sun Microsystems Inc.
BootLoader constants: OS=win32, ARCH=x86_64, WS=win32, NL=de_DE
Framework arguments:  -product org.eclipse.epp.package.rcp.product
Command-line arguments:  -os win32 -ws win32 -arch x86_64 -product org.eclipse.epp.package.rcp.product

!ENTRY rascal_eclipse 4 0 2013-01-18 00:11:02.477
!MESSAGE tuple[map[QuestionId QId, QUE ques] symbols,list[tuple[loc l,str msg]] errors] does not have a field with label series declared for it
!STACK 0
org.eclipse.imp.pdb.facts.exceptions.UndeclaredFieldException: tuple[map[QuestionId QId, QUE ques] symbols,list[tuple[loc l,str msg]] errors] does not have a field with label series declared for it
	at org.eclipse.imp.pdb.facts.type.TupleType.getFieldIndex(TupleType.java:86)
	at org.eclipse.imp.pdb.facts.type.AliasType.getFieldIndex(AliasType.java:224)
	at org.rascalmpl.semantics.dynamic.Assignable$FieldAccess.assignment(Assignable.java:248)
	at org.rascalmpl.semantics.dynamic.Statement$Assignment.interpret(Statement.java:195)
	at org.rascalmpl.semantics.dynamic.Statement$NonEmptyBlock.interpret(Statement.java:747)
	at org.rascalmpl.semantics.dynamic.Statement$IfThenElse.interpret(Statement.java:667)
	at org.rascalmpl.interpreter.result.RascalFunction.runBody(RascalFunction.java:418)
	at org.rascalmpl.interpreter.result.RascalFunction.call(RascalFunction.java:367)
	at org.rascalmpl.interpreter.result.OverloadedFunction.callWith(OverloadedFunction.java:280)
	at org.rascalmpl.interpreter.result.OverloadedFunction.call(OverloadedFunction.java:256)
	at org.rascalmpl.semantics.dynamic.Expression$CallOrTree.interpret(Expression.java:470)
	at org.rascalmpl.semantics.dynamic.Expression$FieldAccess.interpret(Expression.java:782)
	at org.rascalmpl.semantics.dynamic.Statement$Expression.interpret(Statement.java:351)
	at org.rascalmpl.semantics.dynamic.Statement$Return.interpret(Statement.java:771)
	at org.rascalmpl.interpreter.result.RascalFunction.runBody(RascalFunction.java:418)
	at org.rascalmpl.interpreter.result.RascalFunction.call(RascalFunction.java:367)
	at org.rascalmpl.interpreter.result.OverloadedFunction.callWith(OverloadedFunction.java:280)
	at org.rascalmpl.interpreter.result.OverloadedFunction.call(OverloadedFunction.java:256)
	at org.rascalmpl.semantics.dynamic.Expression$CallOrTree.interpret(Expression.java:470)
	at org.rascalmpl.semantics.dynamic.Command$Expression.interpret(Command.java:57)
	at org.rascalmpl.interpreter.Evaluator.eval(Evaluator.java:1007)
	at org.rascalmpl.interpreter.Evaluator.eval(Evaluator.java:967)
	at org.rascalmpl.eclipse.console.RascalScriptInterpreter.execCommand(RascalScriptInterpreter.java:432)
	at org.rascalmpl.eclipse.console.RascalScriptInterpreter.run(RascalScriptInterpreter.java:236)
	at org.eclipse.core.internal.jobs.Worker.run(Worker.java:53)

!ENTRY org.eclipse.jface 4 0 2013-01-18 00:50:10.200
!MESSAGE The command ("org.eclipse.imp.runtime.editor.folding.collapseComments") is undefined
!STACK 0
java.lang.Exception
	at org.eclipse.jface.action.ExternalActionManager$CommandCallback.isActive(ExternalActionManager.java:370)
	at org.eclipse.jface.action.ActionContributionItem.isCommandActive(ActionContributionItem.java:647)
	at org.eclipse.jface.action.ActionContributionItem.isVisible(ActionContributionItem.java:703)
	at org.eclipse.e4.ui.workbench.renderers.swt.MenuManagerRenderer.reconcileManagerToModel(MenuManagerRenderer.java:865)
	at org.eclipse.e4.ui.workbench.renderers.swt.MenuManagerRenderer.reconcileManagerToModel(MenuManagerRenderer.java:823)
	at org.eclipse.ui.internal.PopupMenuExtender.addMenuContributions(PopupMenuExtender.java:405)
	at org.eclipse.ui.internal.PopupMenuExtender.menuAboutToShow(PopupMenuExtender.java:379)
	at org.eclipse.jface.action.MenuManager.fireAboutToShow(MenuManager.java:343)
	at org.eclipse.jface.action.MenuManager.handleAboutToShow(MenuManager.java:475)
	at org.eclipse.jface.action.MenuManager.access$1(MenuManager.java:470)
	at org.eclipse.jface.action.MenuManager$2.menuShown(MenuManager.java:500)
	at org.eclipse.swt.widgets.TypedListener.handleEvent(TypedListener.java:255)
	at org.eclipse.swt.widgets.EventTable.sendEvent(EventTable.java:84)
	at org.eclipse.swt.widgets.Widget.sendEvent(Widget.java:1053)
	at org.eclipse.swt.widgets.Widget.sendEvent(Widget.java:1077)
	at org.eclipse.swt.widgets.Widget.sendEvent(Widget.java:1058)
	at org.eclipse.swt.widgets.Control.WM_INITMENUPOPUP(Control.java:4881)
	at org.eclipse.swt.widgets.Control.windowProc(Control.java:4557)
	at org.eclipse.swt.widgets.Canvas.windowProc(Canvas.java:341)
	at org.eclipse.swt.widgets.Decorations.windowProc(Decorations.java:1627)
	at org.eclipse.swt.widgets.Shell.windowProc(Shell.java:2069)
	at org.eclipse.swt.widgets.Display.windowProc(Display.java:4976)
	at org.eclipse.swt.internal.win32.OS.TrackPopupMenu(Native Method)
	at org.eclipse.swt.widgets.Menu._setVisible(Menu.java:257)
	at org.eclipse.swt.widgets.Display.runPopups(Display.java:4210)
	at org.eclipse.swt.widgets.Display.readAndDispatch(Display.java:3752)
	at org.eclipse.e4.ui.internal.workbench.swt.PartRenderingEngine$9.run(PartRenderingEngine.java:1029)
	at org.eclipse.core.databinding.observable.Realm.runWithDefault(Realm.java:332)
	at org.eclipse.e4.ui.internal.workbench.swt.PartRenderingEngine.run(PartRenderingEngine.java:923)
	at org.eclipse.e4.ui.internal.workbench.E4Workbench.createAndRunUI(E4Workbench.java:86)
	at org.eclipse.ui.internal.Workbench$5.run(Workbench.java:588)
	at org.eclipse.core.databinding.observable.Realm.runWithDefault(Realm.java:332)
	at org.eclipse.ui.internal.Workbench.createAndRunWorkbench(Workbench.java:543)
	at org.eclipse.ui.PlatformUI.createAndRunWorkbench(PlatformUI.java:149)
	at org.eclipse.ui.internal.ide.application.IDEApplication.start(IDEApplication.java:124)
	at org.eclipse.equinox.internal.app.EclipseAppHandle.run(EclipseAppHandle.java:196)
	at org.eclipse.core.runtime.internal.adaptor.EclipseAppLauncher.runApplication(EclipseAppLauncher.java:110)
	at org.eclipse.core.runtime.internal.adaptor.EclipseAppLauncher.start(EclipseAppLauncher.java:79)
	at org.eclipse.core.runtime.adaptor.EclipseStarter.run(EclipseStarter.java:353)
	at org.eclipse.core.runtime.adaptor.EclipseStarter.run(EclipseStarter.java:180)
	at sun.reflect.NativeMethodAccessorImpl.invoke0(Native Method)
	at sun.reflect.NativeMethodAccessorImpl.invoke(NativeMethodAccessorImpl.java:39)
	at sun.reflect.DelegatingMethodAccessorImpl.invoke(DelegatingMethodAccessorImpl.java:25)
	at java.lang.reflect.Method.invoke(Method.java:597)
	at org.eclipse.equinox.launcher.Main.invokeFramework(Main.java:629)
	at org.eclipse.equinox.launcher.Main.basicRun(Main.java:584)
	at org.eclipse.equinox.launcher.Main.run(Main.java:1438)

!ENTRY rascal_eclipse 4 0 2013-01-18 01:42:12.797
!MESSAGE VENV does not have a field with label symbols declared for it
!STACK 0
org.eclipse.imp.pdb.facts.exceptions.UndeclaredFieldException: VENV does not have a field with label symbols declared for it
	at org.rascalmpl.interpreter.result.MapResult.fieldAccess(MapResult.java:104)
	at org.rascalmpl.semantics.dynamic.Expression$FieldAccess.interpret(Expression.java:786)
	at org.rascalmpl.semantics.dynamic.Expression$CallOrTree.interpret(Expression.java:462)
	at org.rascalmpl.semantics.dynamic.Declarator$Default.interpret(Declarator.java:52)
	at org.rascalmpl.semantics.dynamic.LocalVariableDeclaration$Default.interpret(LocalVariableDeclaration.java:35)
	at org.rascalmpl.semantics.dynamic.Statement$VariableDeclaration.interpret(Statement.java:994)
	at org.rascalmpl.semantics.dynamic.Statement$NonEmptyBlock.interpret(Statement.java:747)
	at org.rascalmpl.semantics.dynamic.Statement$IfThenElse.interpret(Statement.java:667)
	at org.rascalmpl.interpreter.result.RascalFunction.runBody(RascalFunction.java:418)
	at org.rascalmpl.interpreter.result.RascalFunction.call(RascalFunction.java:367)
	at org.rascalmpl.interpreter.result.OverloadedFunction.callWith(OverloadedFunction.java:280)
	at org.rascalmpl.interpreter.result.OverloadedFunction.call(OverloadedFunction.java:256)
	at org.rascalmpl.semantics.dynamic.Expression$CallOrTree.interpret(Expression.java:470)
	at org.rascalmpl.semantics.dynamic.Statement$Expression.interpret(Statement.java:351)
	at org.rascalmpl.semantics.dynamic.Statement$Return.interpret(Statement.java:771)
	at org.rascalmpl.interpreter.result.RascalFunction.runBody(RascalFunction.java:418)
	at org.rascalmpl.interpreter.result.RascalFunction.call(RascalFunction.java:367)
	at org.rascalmpl.interpreter.result.OverloadedFunction.callWith(OverloadedFunction.java:280)
	at org.rascalmpl.interpreter.result.OverloadedFunction.call(OverloadedFunction.java:256)
	at org.rascalmpl.semantics.dynamic.Expression$CallOrTree.interpret(Expression.java:470)
	at org.rascalmpl.semantics.dynamic.Command$Expression.interpret(Command.java:57)
	at org.rascalmpl.interpreter.Evaluator.eval(Evaluator.java:1007)
	at org.rascalmpl.interpreter.Evaluator.eval(Evaluator.java:967)
	at org.rascalmpl.eclipse.console.RascalScriptInterpreter.execCommand(RascalScriptInterpreter.java:432)
	at org.rascalmpl.eclipse.console.RascalScriptInterpreter.run(RascalScriptInterpreter.java:236)
	at org.eclipse.core.internal.jobs.Worker.run(Worker.java:53)
!SESSION 2013-01-18 16:50:58.906 -----------------------------------------------
eclipse.buildId=M20120914-1800
java.version=1.6.0_29
java.vendor=Sun Microsystems Inc.
BootLoader constants: OS=win32, ARCH=x86_64, WS=win32, NL=de_DE
Framework arguments:  -product org.eclipse.epp.package.rcp.product
Command-line arguments:  -os win32 -ws win32 -arch x86_64 -product org.eclipse.epp.package.rcp.product

!ENTRY rascal_eclipse 4 0 2013-01-18 19:32:54.599
!MESSAGE No message given
!STACK 0
java.lang.NullPointerException
	at org.rascalmpl.eclipse.console.RascalScriptInterpreter.run(RascalScriptInterpreter.java:298)
	at org.eclipse.core.internal.jobs.Worker.run(Worker.java:53)
