<?xml version="1.0" encoding="UTF-8"?>
<testrun name="TestAll" project="QLJava" tests="9" started="9" failures="1" errors="0" ignored="0">
  <testsuite name="org.uva.sea.ql.parser.test.syntax.ExpressionTest" time="0.033">
    <testcase name="testAdds" classname="org.uva.sea.ql.parser.test.syntax.ExpressionTest" time="0.026"/>
    <testcase name="testMuls" classname="org.uva.sea.ql.parser.test.syntax.ExpressionTest" time="0.001"/>
    <testcase name="testRels" classname="org.uva.sea.ql.parser.test.syntax.ExpressionTest" time="0.003"/>
    <testcase name="testBools" classname="org.uva.sea.ql.parser.test.syntax.ExpressionTest" time="0.001"/>
    <testcase name="testIds" classname="org.uva.sea.ql.parser.test.syntax.ExpressionTest" time="0.001"/>
    <testcase name="testNums" classname="org.uva.sea.ql.parser.test.syntax.ExpressionTest" time="0.001"/>
  </testsuite>
  <testsuite name="org.uva.sea.ql.parser.test.syntax.FormTest" time="0.003">
    <testcase name="testForms" classname="org.uva.sea.ql.parser.test.syntax.FormTest" time="0.003"/>
  </testsuite>
  <testsuite name="org.uva.sea.ql.parser.test.syntax.BodyTest" time="0.001">
    <testcase name="testBodies" classname="org.uva.sea.ql.parser.test.syntax.BodyTest" time="0.001"/>
  </testsuite>
  <testsuite name="org.uva.sea.ql.parser.test.syntax.FormElementTest" time="0.007">
    <testcase name="testFormElements" classname="org.uva.sea.ql.parser.test.syntax.FormElementTest" time="0.007">
      <failure>java.lang.AssertionError: expected:&lt;class org.uva.sea.ql.ast.form.Question&gt; but was:&lt;class org.uva.sea.ql.ast.form.Computed&gt;
	at org.junit.Assert.fail(Assert.java:91)
	at org.junit.Assert.failNotEquals(Assert.java:645)
	at org.junit.Assert.assertEquals(Assert.java:126)
	at org.junit.Assert.assertEquals(Assert.java:145)
	at org.uva.sea.ql.parser.test.syntax.FormElementTest.testFormElements(FormElementTest.java:23)
	at sun.reflect.NativeMethodAccessorImpl.invoke0(Native Method)
	at sun.reflect.NativeMethodAccessorImpl.invoke(NativeMethodAccessorImpl.java:57)
	at sun.reflect.DelegatingMethodAccessorImpl.invoke(DelegatingMethodAccessorImpl.java:43)
	at java.lang.reflect.Method.invoke(Method.java:601)
	at org.junit.runners.model.FrameworkMethod$1.runReflectiveCall(FrameworkMethod.java:44)
	at org.junit.internal.runners.model.ReflectiveCallable.run(ReflectiveCallable.java:15)
	at org.junit.runners.model.FrameworkMethod.invokeExplosively(FrameworkMethod.java:41)
	at org.junit.internal.runners.statements.InvokeMethod.evaluate(InvokeMethod.java:20)
	at org.junit.runners.BlockJUnit4ClassRunner.runNotIgnored(BlockJUnit4ClassRunner.java:79)
	at org.junit.runners.BlockJUnit4ClassRunner.runChild(BlockJUnit4ClassRunner.java:71)
	at org.junit.runners.BlockJUnit4ClassRunner.runChild(BlockJUnit4ClassRunner.java:49)
	at org.junit.runners.ParentRunner$3.run(ParentRunner.java:193)
	at org.junit.runners.ParentRunner$1.schedule(ParentRunner.java:52)
	at org.junit.runners.ParentRunner.runChildren(ParentRunner.java:191)
	at org.junit.runners.ParentRunner.access$000(ParentRunner.java:42)
	at org.junit.runners.ParentRunner$2.evaluate(ParentRunner.java:184)
	at org.junit.runners.ParentRunner.run(ParentRunner.java:236)
	at org.eclipse.jdt.internal.junit4.runner.JUnit4TestReference.run(JUnit4TestReference.java:50)
	at org.eclipse.jdt.internal.junit.runner.TestExecution.run(TestExecution.java:38)
	at org.eclipse.jdt.internal.junit.runner.RemoteTestRunner.runTests(RemoteTestRunner.java:467)
	at org.eclipse.jdt.internal.junit.runner.RemoteTestRunner.runTests(RemoteTestRunner.java:683)
	at org.eclipse.jdt.internal.junit.runner.RemoteTestRunner.run(RemoteTestRunner.java:390)
	at org.eclipse.jdt.internal.junit.runner.RemoteTestRunner.main(RemoteTestRunner.java:197)

</failure>
    </testcase>
  </testsuite>
</testrun>
