<?xml version="1.0" encoding="UTF-8"?>
<testrun name="TestAll" project="QLJava" tests="10" started="10" failures="0" errors="1" ignored="0">
  <testsuite name="org.uva.sea.ql.parser.test.syntax.ExpressionTest" time="0.033">
    <testcase name="testAdds" classname="org.uva.sea.ql.parser.test.syntax.ExpressionTest" time="0.018"/>
    <testcase name="testMuls" classname="org.uva.sea.ql.parser.test.syntax.ExpressionTest" time="0.002"/>
    <testcase name="testRels" classname="org.uva.sea.ql.parser.test.syntax.ExpressionTest" time="0.004"/>
    <testcase name="testBools" classname="org.uva.sea.ql.parser.test.syntax.ExpressionTest" time="0.002"/>
    <testcase name="testIds" classname="org.uva.sea.ql.parser.test.syntax.ExpressionTest" time="0.0"/>
    <testcase name="testInts" classname="org.uva.sea.ql.parser.test.syntax.ExpressionTest" time="0.001"/>
    <testcase name="testStrings" classname="org.uva.sea.ql.parser.test.syntax.ExpressionTest" time="0.006">
      <error>java.lang.RuntimeException: UnwantedTokenException(found="fdT$)G*(FHE", expected -1)
	at org.uva.sea.ql.parser.antlr.QLParser.reportError(QLParser.java:83)
	at org.antlr.runtime.BaseRecognizer.recoverFromMismatchedToken(BaseRecognizer.java:603)
	at org.antlr.runtime.BaseRecognizer.match(BaseRecognizer.java:115)
	at org.uva.sea.ql.parser.antlr.QLParser.topLevelExpression(QLParser.java:792)
	at org.uva.sea.ql.parser.antlr.FormParser.parseExpression(FormParser.java:62)
	at org.uva.sea.ql.parser.test.syntax.ExpressionTest.parseClass(ExpressionTest.java:24)
	at org.uva.sea.ql.parser.test.syntax.ExpressionTest.testStrings(ExpressionTest.java:116)
	at sun.reflect.NativeMethodAccessorImpl.invoke0(Native Method)
	at sun.reflect.NativeMethodAccessorImpl.invoke(NativeMethodAccessorImpl.java:57)
	at sun.reflect.DelegatingMethodAccessorImpl.invoke(DelegatingMethodAccessorImpl.java:43)
	at java.lang.reflect.Method.invoke(Method.java:601)
	at org.junit.runners.model.FrameworkMethod$1.runReflectiveCall(FrameworkMethod.java:44)
	at org.junit.internal.runners.model.ReflectiveCallable.run(ReflectiveCallable.java:15)
	at org.junit.runners.model.FrameworkMethod.invokeExplosively(FrameworkMethod.java:41)
	at org.junit.internal.runners.statements.InvokeMethod.evaluate(InvokeMethod.java:20)
	at org.junit.runners.BlockJUnit4ClassRunner.runNotIgnored(BlockJUnit4ClassRunner.java:79)
	at org.junit.runners.BlockJUnit4ClassRunner.runChild(BlockJUnit4ClassRunner.java:71)
	at org.junit.runners.BlockJUnit4ClassRunner.runChild(BlockJUnit4ClassRunner.java:49)
	at org.junit.runners.ParentRunner$3.run(ParentRunner.java:193)
	at org.junit.runners.ParentRunner$1.schedule(ParentRunner.java:52)
	at org.junit.runners.ParentRunner.runChildren(ParentRunner.java:191)
	at org.junit.runners.ParentRunner.access$000(ParentRunner.java:42)
	at org.junit.runners.ParentRunner$2.evaluate(ParentRunner.java:184)
	at org.junit.runners.ParentRunner.run(ParentRunner.java:236)
	at org.eclipse.jdt.internal.junit4.runner.JUnit4TestReference.run(JUnit4TestReference.java:50)
	at org.eclipse.jdt.internal.junit.runner.TestExecution.run(TestExecution.java:38)
	at org.eclipse.jdt.internal.junit.runner.RemoteTestRunner.runTests(RemoteTestRunner.java:467)
	at org.eclipse.jdt.internal.junit.runner.RemoteTestRunner.runTests(RemoteTestRunner.java:683)
	at org.eclipse.jdt.internal.junit.runner.RemoteTestRunner.run(RemoteTestRunner.java:390)
	at org.eclipse.jdt.internal.junit.runner.RemoteTestRunner.main(RemoteTestRunner.java:197)
Caused by: UnwantedTokenException(found="fdT$)G*(FHE", expected -1)
	at org.antlr.runtime.BaseRecognizer.recoverFromMismatchedToken(BaseRecognizer.java:594)
	... 28 more

</error>
    </testcase>
  </testsuite>
  <testsuite name="org.uva.sea.ql.parser.test.syntax.FormTest" time="0.015">
    <testcase name="testForms" classname="org.uva.sea.ql.parser.test.syntax.FormTest" time="0.015"/>
  </testsuite>
  <testsuite name="org.uva.sea.ql.parser.test.syntax.BodyTest" time="0.016">
    <testcase name="testBodies" classname="org.uva.sea.ql.parser.test.syntax.BodyTest" time="0.016"/>
  </testsuite>
  <testsuite name="org.uva.sea.ql.parser.test.syntax.FormElementTest" time="0.002">
    <testcase name="testFormElements" classname="org.uva.sea.ql.parser.test.syntax.FormElementTest" time="0.002"/>
  </testsuite>
</testrun>
